[debug] [2021-06-05T09:00:06.455Z] ----------------------------------------------------------------------
[debug] [2021-06-05T09:00:06.458Z] Command:       C:\Program Files\nodejs\node.exe C:\Users\SOURAVE\AppData\Roaming\npm\node_modules\firebase-tools\lib\bin\firebase.js emulators:start
[debug] [2021-06-05T09:00:06.459Z] CLI Version:   9.12.0
[debug] [2021-06-05T09:00:06.459Z] Platform:      win32
[debug] [2021-06-05T09:00:06.459Z] Node Version:  v12.18.3
[debug] [2021-06-05T09:00:06.461Z] Time:          Sat Jun 05 2021 14:30:06 GMT+0530 (India Standard Time)
[debug] [2021-06-05T09:00:06.461Z] ----------------------------------------------------------------------
[debug] 
[debug] [2021-06-05T09:00:06.466Z] >>> [apiv2][query] GET https://firebase-public.firebaseio.com/cli.json [none]
[debug] [2021-06-05T09:00:06.511Z] > command requires scopes: ["email","openid","https://www.googleapis.com/auth/cloudplatformprojects.readonly","https://www.googleapis.com/auth/firebase","https://www.googleapis.com/auth/cloud-platform"]
[debug] [2021-06-05T09:00:06.511Z] > authorizing via signed-in user (sharmasaurav501@gmail.com)
[info] i  emulators: Starting emulators: functions, hosting {"metadata":{"emulator":{"name":"hub"},"message":"Starting emulators: functions, hosting"}}
[debug] [2021-06-05T09:00:07.606Z] <<< [apiv2][status] GET https://firebase-public.firebaseio.com/cli.json 200
[debug] [2021-06-05T09:00:07.606Z] <<< [apiv2][body] GET https://firebase-public.firebaseio.com/cli.json {"cloudBuildErrorAfter":1594252800000,"cloudBuildWarnAfter":1590019200000,"defaultNode10After":1594252800000,"minVersion":"3.0.5","node8DeploysDisabledAfter":1613390400000,"node8RuntimeDisabledAfter":1615809600000,"node8WarnAfter":1600128000000}
[debug] [2021-06-05T09:00:08.651Z] [hub] writing locator at C:\Users\SOURAVE\AppData\Local\Temp\hub-project-9a751.json
[warn] !  functions: The following emulators are not running, calls to these services from the Functions emulator will affect production: auth, firestore, database, pubsub, storage {"metadata":{"emulator":{"name":"functions"},"message":"The following emulators are not running, calls to these services from the Functions emulator will affect production: \u001b[1mauth, firestore, database, pubsub, storage\u001b[22m"}}
[warn] !  Your requested "node" version "14" doesn't match your global version "12" {"metadata":{"emulator":{"name":"functions"},"message":"Your requested \"node\" version \"14\" doesn't match your global version \"12\""}}
[debug] [2021-06-05T09:00:10.747Z] defaultcredentials: writing to file C:\Users\SOURAVE\AppData\Roaming\firebase\sharmasaurav501_gmail_com_application_default_credentials.json
[debug] [2021-06-05T09:00:10.753Z] Setting GAC to C:\Users\SOURAVE\AppData\Roaming\firebase\sharmasaurav501_gmail_com_application_default_credentials.json {"metadata":{"emulator":{"name":"functions"},"message":"Setting GAC to C:\\Users\\SOURAVE\\AppData\\Roaming\\firebase\\sharmasaurav501_gmail_com_application_default_credentials.json"}}
[debug] [2021-06-05T09:00:10.756Z] > refreshing access token with scopes: []
[debug] [2021-06-05T09:00:10.757Z] >>> HTTP REQUEST POST https://www.googleapis.com/oauth2/v3/token  
 <request body omitted>
[debug] [2021-06-05T09:00:11.079Z] <<< HTTP RESPONSE 200 {"pragma":"no-cache","expires":"Mon, 01 Jan 1990 00:00:00 GMT","cache-control":"no-cache, no-store, max-age=0, must-revalidate","date":"Sat, 05 Jun 2021 10:00:11 GMT","content-type":"application/json; charset=utf-8","vary":"X-Origin, Referer, Origin,Accept-Encoding","server":"scaffolding on HTTPServer2","x-xss-protection":"0","x-frame-options":"SAMEORIGIN","x-content-type-options":"nosniff","alt-svc":"h3-29=\":443\"; ma=2592000,h3-T051=\":443\"; ma=2592000,h3-Q050=\":443\"; ma=2592000,h3-Q046=\":443\"; ma=2592000,h3-Q043=\":443\"; ma=2592000,quic=\":443\"; ma=2592000; v=\"46,43\"","accept-ranges":"none","transfer-encoding":"chunked"}
[debug] [2021-06-05T09:00:11.097Z] >>> [apiv2][query] GET https://firebase.googleapis.com/v1beta1/projects/project-9a751/adminSdkConfig [none]
[debug] [2021-06-05T09:00:11.890Z] <<< [apiv2][status] GET https://firebase.googleapis.com/v1beta1/projects/project-9a751/adminSdkConfig 200
[debug] [2021-06-05T09:00:11.890Z] <<< [apiv2][body] GET https://firebase.googleapis.com/v1beta1/projects/project-9a751/adminSdkConfig {"projectId":"project-9a751","storageBucket":"project-9a751.appspot.com"}
[debug] [2021-06-05T09:00:13.958Z] >>> [apiv2][query] GET https://firebasehosting.googleapis.com/v1beta1/projects/project-9a751/sites 
[debug] [2021-06-05T09:00:15.827Z] <<< [apiv2][status] GET https://firebasehosting.googleapis.com/v1beta1/projects/project-9a751/sites 200
[debug] [2021-06-05T09:00:15.827Z] <<< [apiv2][body] GET https://firebasehosting.googleapis.com/v1beta1/projects/project-9a751/sites {"sites":[{"name":"projects/951294210549/sites/project-9a751","defaultUrl":"https://project-9a751.web.app","appId":"1:951294210549:web:fc7be174e6997c0737f0bc","type":"DEFAULT_SITE"}]}
[debug] [2021-06-05T09:00:15.828Z] >>> [apiv2][query] GET https://firebase.googleapis.com/v1beta1/projects/project-9a751/webApps/1:951294210549:web:fc7be174e6997c0737f0bc/config [none]
[debug] [2021-06-05T09:00:17.336Z] <<< [apiv2][status] GET https://firebase.googleapis.com/v1beta1/projects/project-9a751/webApps/1:951294210549:web:fc7be174e6997c0737f0bc/config 200
[debug] [2021-06-05T09:00:17.336Z] <<< [apiv2][body] GET https://firebase.googleapis.com/v1beta1/projects/project-9a751/webApps/1:951294210549:web:fc7be174e6997c0737f0bc/config {"projectId":"project-9a751","appId":"1:951294210549:web:fc7be174e6997c0737f0bc","storageBucket":"project-9a751.appspot.com","apiKey":"AIzaSyBrDZr_DaTkB-G3Hf2VMFGnOlbB67jglAw","authDomain":"project-9a751.firebaseapp.com","messagingSenderId":"951294210549","measurementId":"G-PQ9X6YG3LG"}
[info] i  hosting: Serving hosting files from: build {"metadata":{"emulator":{"name":"hosting"},"message":"Serving hosting files from: \u001b[1mbuild\u001b[22m"}}
[info] +  hosting: Local server: http://localhost:5000 {"metadata":{"emulator":{"name":"hosting"},"message":"Local server: \u001b[4m\u001b[1mhttp://localhost:5000\u001b[22m\u001b[24m"}}
[info] i  ui: downloading ui-v1.5.0.zip... {"metadata":{"emulator":{"name":"ui"},"message":"downloading ui-v1.5.0.zip..."}}
[debug] [2021-06-05T09:00:21.524Z] >>> [apiv2][query] GET https://storage.googleapis.com/firebase-preview-drop/emulator/ui-v1.5.0.zip 
[debug] [2021-06-05T09:00:22.034Z] <<< [apiv2][status] GET https://storage.googleapis.com/firebase-preview-drop/emulator/ui-v1.5.0.zip 200
[debug] [2021-06-05T09:00:22.034Z] <<< [apiv2][body] GET https://storage.googleapis.com/firebase-preview-drop/emulator/ui-v1.5.0.zip [stream]
[debug] [2021-06-05T09:00:23.500Z] Ignoring unsupported arg: auto_download {"metadata":{"emulator":{"name":"ui"},"message":"Ignoring unsupported arg: auto_download"}}
[debug] [2021-06-05T09:00:23.500Z] Ignoring unsupported arg: port {"metadata":{"emulator":{"name":"ui"},"message":"Ignoring unsupported arg: port"}}
[debug] [2021-06-05T09:00:23.500Z] Starting Emulator UI with command {"binary":"node","args":["C:\\Users\\SOURAVE\\.cache\\firebase\\emulators\\ui-v1.5.0\\server.bundle.js"],"optionalArgs":[],"joinArgs":false} {"metadata":{"emulator":{"name":"ui"},"message":"Starting Emulator UI with command {\"binary\":\"node\",\"args\":[\"C:\\\\Users\\\\SOURAVE\\\\.cache\\\\firebase\\\\emulators\\\\ui-v1.5.0\\\\server.bundle.js\"],\"optionalArgs\":[],\"joinArgs\":false}"}}
[info] i  ui: Emulator UI logging to ui-debug.log {"metadata":{"emulator":{"name":"ui"},"message":"Emulator UI logging to \u001b[1mui-debug.log\u001b[22m"}}
[debug] [2021-06-05T09:00:23.765Z] Web / API server started at http://localhost:4000
 {"metadata":{"emulator":{"name":"ui"},"message":"Web / API server started at http://localhost:4000\n"}}
[info] i  functions: Watching "C:\Users\SOURAVE\Desktop\ReactAmazonProject\functions" for Cloud Functions... {"metadata":{"emulator":{"name":"functions"},"message":"Watching \"C:\\Users\\SOURAVE\\Desktop\\ReactAmazonProject\\functions\" for Cloud Functions..."}}
[debug] [2021-06-05T09:00:24.050Z] [worker-pool] addWorker(~diagnostic~) {"metadata":{"emulator":{"name":"functions"},"message":"[worker-pool] addWorker(~diagnostic~)"}}
[debug] [2021-06-05T09:00:24.050Z] [worker-pool] Adding worker with key ~diagnostic~, total=1 {"metadata":{"emulator":{"name":"functions"},"message":"[worker-pool] Adding worker with key ~diagnostic~, total=1"}}
[debug] [2021-06-05T09:00:24.051Z] [worker-pool] submitWork(triggerId=) {"metadata":{"emulator":{"name":"functions"},"message":"[worker-pool] submitWork(triggerId=)"}}
[debug] [2021-06-05T09:00:24.051Z] [worker-~diagnostic~-82eb5db0-e911-4633-8b1b-8336a0ff17be]: Assigning socketPath: \\?\pipe\C:\Users\SOURAVE\Desktop\ReactAmazonProject\functions\22708 {"metadata":{"emulator":{"name":"functions"},"message":"[worker-~diagnostic~-82eb5db0-e911-4633-8b1b-8336a0ff17be]: Assigning socketPath: \\\\?\\pipe\\C:\\Users\\SOURAVE\\Desktop\\ReactAmazonProject\\functions\\22708"}}
[debug] [2021-06-05T09:00:24.052Z] [worker-~diagnostic~-82eb5db0-e911-4633-8b1b-8336a0ff17be]: BUSY {"metadata":{"emulator":{"name":"functions"},"message":"[worker-~diagnostic~-82eb5db0-e911-4633-8b1b-8336a0ff17be]: BUSY"}}
