[debug] [2021-06-05T12:37:49.433Z] ----------------------------------------------------------------------
[debug] [2021-06-05T12:37:49.436Z] Command:       C:\Program Files\nodejs\node.exe C:\Users\SOURAVE\AppData\Roaming\npm\node_modules\firebase-tools\lib\bin\firebase.js emulators:start
[debug] [2021-06-05T12:37:49.436Z] CLI Version:   9.12.0
[debug] [2021-06-05T12:37:49.436Z] Platform:      win32
[debug] [2021-06-05T12:37:49.437Z] Node Version:  v12.18.3
[debug] [2021-06-05T12:37:49.438Z] Time:          Sat Jun 05 2021 18:07:49 GMT+0530 (India Standard Time)
[debug] [2021-06-05T12:37:49.438Z] ----------------------------------------------------------------------
[debug] 
[debug] [2021-06-05T12:37:49.452Z] > command requires scopes: ["email","openid","https://www.googleapis.com/auth/cloudplatformprojects.readonly","https://www.googleapis.com/auth/firebase","https://www.googleapis.com/auth/cloud-platform"]
[debug] [2021-06-05T12:37:49.453Z] > authorizing via signed-in user (sharmasaurav501@gmail.com)
[info] i  emulators: Starting emulators: functions, hosting {"metadata":{"emulator":{"name":"hub"},"message":"Starting emulators: functions, hosting"}}
[warn] !  emulators: It seems that you are running multiple instances of the emulator suite for project project-9a751. This may result in unexpected behavior. 
[debug] [2021-06-05T12:37:51.565Z] [hub] writing locator at C:\Users\SOURAVE\AppData\Local\Temp\hub-project-9a751.json
[warn] !  functions: The following emulators are not running, calls to these services from the Functions emulator will affect production: auth, firestore, database, pubsub, storage {"metadata":{"emulator":{"name":"functions"},"message":"The following emulators are not running, calls to these services from the Functions emulator will affect production: \u001b[1mauth, firestore, database, pubsub, storage\u001b[22m"}}
[warn] !  Your requested "node" version "14" doesn't match your global version "12" {"metadata":{"emulator":{"name":"functions"},"message":"Your requested \"node\" version \"14\" doesn't match your global version \"12\""}}
[debug] [2021-06-05T12:37:53.714Z] defaultcredentials: writing to file C:\Users\SOURAVE\AppData\Roaming\firebase\sharmasaurav501_gmail_com_application_default_credentials.json
[debug] [2021-06-05T12:37:53.725Z] Setting GAC to C:\Users\SOURAVE\AppData\Roaming\firebase\sharmasaurav501_gmail_com_application_default_credentials.json {"metadata":{"emulator":{"name":"functions"},"message":"Setting GAC to C:\\Users\\SOURAVE\\AppData\\Roaming\\firebase\\sharmasaurav501_gmail_com_application_default_credentials.json"}}
[debug] [2021-06-05T12:37:53.733Z] > refreshing access token with scopes: []
[debug] [2021-06-05T12:37:53.735Z] >>> HTTP REQUEST POST https://www.googleapis.com/oauth2/v3/token  
 <request body omitted>
[debug] [2021-06-05T12:37:54.045Z] <<< HTTP RESPONSE 200 {"pragma":"no-cache","date":"Sat, 05 Jun 2021 13:37:54 GMT","cache-control":"no-cache, no-store, max-age=0, must-revalidate","expires":"Mon, 01 Jan 1990 00:00:00 GMT","content-type":"application/json; charset=utf-8","vary":"X-Origin, Referer, Origin,Accept-Encoding","server":"scaffolding on HTTPServer2","x-xss-protection":"0","x-frame-options":"SAMEORIGIN","x-content-type-options":"nosniff","alt-svc":"h3-29=\":443\"; ma=2592000,h3-T051=\":443\"; ma=2592000,h3-Q050=\":443\"; ma=2592000,h3-Q046=\":443\"; ma=2592000,h3-Q043=\":443\"; ma=2592000,quic=\":443\"; ma=2592000; v=\"46,43\"","accept-ranges":"none","transfer-encoding":"chunked"}
[debug] [2021-06-05T12:37:54.092Z] >>> [apiv2][query] GET https://firebase.googleapis.com/v1beta1/projects/project-9a751/adminSdkConfig [none]
[debug] [2021-06-05T12:37:54.885Z] <<< [apiv2][status] GET https://firebase.googleapis.com/v1beta1/projects/project-9a751/adminSdkConfig 200
[debug] [2021-06-05T12:37:54.886Z] <<< [apiv2][body] GET https://firebase.googleapis.com/v1beta1/projects/project-9a751/adminSdkConfig {"projectId":"project-9a751","storageBucket":"project-9a751.appspot.com"}
[debug] [2021-06-05T12:37:56.957Z] >>> [apiv2][query] GET https://firebasehosting.googleapis.com/v1beta1/projects/project-9a751/sites 
[debug] [2021-06-05T12:37:58.855Z] <<< [apiv2][status] GET https://firebasehosting.googleapis.com/v1beta1/projects/project-9a751/sites 200
[debug] [2021-06-05T12:37:58.855Z] <<< [apiv2][body] GET https://firebasehosting.googleapis.com/v1beta1/projects/project-9a751/sites {"sites":[{"name":"projects/951294210549/sites/project-9a751","defaultUrl":"https://project-9a751.web.app","appId":"1:951294210549:web:fc7be174e6997c0737f0bc","type":"DEFAULT_SITE"}]}
[debug] [2021-06-05T12:37:58.856Z] >>> [apiv2][query] GET https://firebase.googleapis.com/v1beta1/projects/project-9a751/webApps/1:951294210549:web:fc7be174e6997c0737f0bc/config [none]
[debug] [2021-06-05T12:38:00.345Z] <<< [apiv2][status] GET https://firebase.googleapis.com/v1beta1/projects/project-9a751/webApps/1:951294210549:web:fc7be174e6997c0737f0bc/config 200
[debug] [2021-06-05T12:38:00.345Z] <<< [apiv2][body] GET https://firebase.googleapis.com/v1beta1/projects/project-9a751/webApps/1:951294210549:web:fc7be174e6997c0737f0bc/config {"projectId":"project-9a751","appId":"1:951294210549:web:fc7be174e6997c0737f0bc","storageBucket":"project-9a751.appspot.com","apiKey":"AIzaSyBrDZr_DaTkB-G3Hf2VMFGnOlbB67jglAw","authDomain":"project-9a751.firebaseapp.com","messagingSenderId":"951294210549","measurementId":"G-PQ9X6YG3LG"}
[info] i  hosting: Serving hosting files from: build {"metadata":{"emulator":{"name":"hosting"},"message":"Serving hosting files from: \u001b[1mbuild\u001b[22m"}}
[info] +  hosting: Local server: http://localhost:5000 {"metadata":{"emulator":{"name":"hosting"},"message":"Local server: \u001b[4m\u001b[1mhttp://localhost:5000\u001b[22m\u001b[24m"}}
[warn] !  ui: Emulator UI unable to start on port 4000, starting on 4001 instead. {"metadata":{"emulator":{"name":"ui"},"message":"Emulator UI unable to start on port 4000, starting on 4001 instead."}}
[debug] [2021-06-05T12:38:02.486Z] Ignoring unsupported arg: auto_download {"metadata":{"emulator":{"name":"ui"},"message":"Ignoring unsupported arg: auto_download"}}
[debug] [2021-06-05T12:38:02.486Z] Ignoring unsupported arg: port {"metadata":{"emulator":{"name":"ui"},"message":"Ignoring unsupported arg: port"}}
[debug] [2021-06-05T12:38:02.487Z] Starting Emulator UI with command {"binary":"node","args":["C:\\Users\\SOURAVE\\.cache\\firebase\\emulators\\ui-v1.5.0\\server.bundle.js"],"optionalArgs":[],"joinArgs":false} {"metadata":{"emulator":{"name":"ui"},"message":"Starting Emulator UI with command {\"binary\":\"node\",\"args\":[\"C:\\\\Users\\\\SOURAVE\\\\.cache\\\\firebase\\\\emulators\\\\ui-v1.5.0\\\\server.bundle.js\"],\"optionalArgs\":[],\"joinArgs\":false}"}}
[info] i  ui: Emulator UI logging to ui-debug.log {"metadata":{"emulator":{"name":"ui"},"message":"Emulator UI logging to \u001b[1mui-debug.log\u001b[22m"}}
[debug] [2021-06-05T12:38:02.724Z] Web / API server started at http://localhost:4001
 {"metadata":{"emulator":{"name":"ui"},"message":"Web / API server started at http://localhost:4001\n"}}
[info] i  functions: Watching "C:\Users\SOURAVE\Desktop\ReactAmazonProject\functions" for Cloud Functions... {"metadata":{"emulator":{"name":"functions"},"message":"Watching \"C:\\Users\\SOURAVE\\Desktop\\ReactAmazonProject\\functions\" for Cloud Functions..."}}
[debug] [2021-06-05T12:38:03.051Z] [worker-pool] addWorker(~diagnostic~) {"metadata":{"emulator":{"name":"functions"},"message":"[worker-pool] addWorker(~diagnostic~)"}}
[debug] [2021-06-05T12:38:03.052Z] [worker-pool] Adding worker with key ~diagnostic~, total=1 {"metadata":{"emulator":{"name":"functions"},"message":"[worker-pool] Adding worker with key ~diagnostic~, total=1"}}
[debug] [2021-06-05T12:38:03.052Z] [worker-pool] submitWork(triggerId=) {"metadata":{"emulator":{"name":"functions"},"message":"[worker-pool] submitWork(triggerId=)"}}
[debug] [2021-06-05T12:38:03.054Z] [worker-~diagnostic~-5e38bb93-c2a0-4e1d-9bbe-4ae4c2598ec5]: Assigning socketPath: \\?\pipe\C:\Users\SOURAVE\Desktop\ReactAmazonProject\functions\15272 {"metadata":{"emulator":{"name":"functions"},"message":"[worker-~diagnostic~-5e38bb93-c2a0-4e1d-9bbe-4ae4c2598ec5]: Assigning socketPath: \\\\?\\pipe\\C:\\Users\\SOURAVE\\Desktop\\ReactAmazonProject\\functions\\15272"}}
[debug] [2021-06-05T12:38:03.055Z] [worker-~diagnostic~-5e38bb93-c2a0-4e1d-9bbe-4ae4c2598ec5]: BUSY {"metadata":{"emulator":{"name":"functions"},"message":"[worker-~diagnostic~-5e38bb93-c2a0-4e1d-9bbe-4ae4c2598ec5]: BUSY"}}
[debug] [2021-06-05T12:38:03.431Z] [runtime-status] [15272] Functions runtime initialized. {"cwd":"C:\\Users\\SOURAVE\\Desktop\\ReactAmazonProject\\functions","node_version":"12.18.3"} {"metadata":{"emulator":{"name":"functions"},"message":"[runtime-status] [15272] Functions runtime initialized. {\"cwd\":\"C:\\\\Users\\\\SOURAVE\\\\Desktop\\\\ReactAmazonProject\\\\functions\",\"node_version\":\"12.18.3\"}"}}
[debug] [2021-06-05T12:38:03.432Z] [runtime-status] [15272] Disabled runtime features: undefined {"metadata":{"emulator":{"name":"functions"},"message":"[runtime-status] [15272] Disabled runtime features: undefined"}}
[debug] [2021-06-05T12:38:03.437Z] [runtime-status] [15272] Resolved module firebase-admin {"declared":true,"installed":true,"version":"9.9.0","resolution":"C:\\Users\\SOURAVE\\Desktop\\ReactAmazonProject\\functions\\node_modules\\firebase-admin\\lib\\index.js"} {"metadata":{"emulator":{"name":"functions"},"message":"[runtime-status] [15272] Resolved module firebase-admin {\"declared\":true,\"installed\":true,\"version\":\"9.9.0\",\"resolution\":\"C:\\\\Users\\\\SOURAVE\\\\Desktop\\\\ReactAmazonProject\\\\functions\\\\node_modules\\\\firebase-admin\\\\lib\\\\index.js\"}"}}
[debug] [2021-06-05T12:38:03.440Z] [runtime-status] [15272] Resolved module firebase-functions {"declared":true,"installed":true,"version":"3.14.1","resolution":"C:\\Users\\SOURAVE\\Desktop\\ReactAmazonProject\\functions\\node_modules\\firebase-functions\\lib\\index.js"} {"metadata":{"emulator":{"name":"functions"},"message":"[runtime-status] [15272] Resolved module firebase-functions {\"declared\":true,\"installed\":true,\"version\":\"3.14.1\",\"resolution\":\"C:\\\\Users\\\\SOURAVE\\\\Desktop\\\\ReactAmazonProject\\\\functions\\\\node_modules\\\\firebase-functions\\\\lib\\\\index.js\"}"}}
[debug] [2021-06-05T12:38:03.442Z] [runtime-status] [15272] Resolved module firebase-functions {"declared":true,"installed":true,"version":"3.14.1","resolution":"C:\\Users\\SOURAVE\\Desktop\\ReactAmazonProject\\functions\\node_modules\\firebase-functions\\lib\\index.js"} {"metadata":{"emulator":{"name":"functions"},"message":"[runtime-status] [15272] Resolved module firebase-functions {\"declared\":true,\"installed\":true,\"version\":\"3.14.1\",\"resolution\":\"C:\\\\Users\\\\SOURAVE\\\\Desktop\\\\ReactAmazonProject\\\\functions\\\\node_modules\\\\firebase-functions\\\\lib\\\\index.js\"}"}}
[debug] [2021-06-05T12:38:03.444Z] [runtime-status] [15272] Outgoing network have been stubbed. [{"name":"http","status":"mocked"},{"name":"http","status":"mocked"},{"name":"https","status":"mocked"},{"name":"https","status":"mocked"},{"name":"net","status":"mocked"}] {"metadata":{"emulator":{"name":"functions"},"message":"[runtime-status] [15272] Outgoing network have been stubbed. [{\"name\":\"http\",\"status\":\"mocked\"},{\"name\":\"http\",\"status\":\"mocked\"},{\"name\":\"https\",\"status\":\"mocked\"},{\"name\":\"https\",\"status\":\"mocked\"},{\"name\":\"net\",\"status\":\"mocked\"}]"}}
[debug] [2021-06-05T12:38:03.445Z] [runtime-status] [15272] Resolved module firebase-functions {"declared":true,"installed":true,"version":"3.14.1","resolution":"C:\\Users\\SOURAVE\\Desktop\\ReactAmazonProject\\functions\\node_modules\\firebase-functions\\lib\\index.js"} {"metadata":{"emulator":{"name":"functions"},"message":"[runtime-status] [15272] Resolved module firebase-functions {\"declared\":true,\"installed\":true,\"version\":\"3.14.1\",\"resolution\":\"C:\\\\Users\\\\SOURAVE\\\\Desktop\\\\ReactAmazonProject\\\\functions\\\\node_modules\\\\firebase-functions\\\\lib\\\\index.js\"}"}}
[debug] [2021-06-05T12:38:03.545Z] [runtime-status] [15272] Checked functions.config() {"config":{}} {"metadata":{"emulator":{"name":"functions"},"message":"[runtime-status] [15272] Checked functions.config() {\"config\":{}}"}}
[debug] [2021-06-05T12:38:03.546Z] [runtime-status] [15272] firebase-functions has been stubbed. {"functionsResolution":{"declared":true,"installed":true,"version":"3.14.1","resolution":"C:\\Users\\SOURAVE\\Desktop\\ReactAmazonProject\\functions\\node_modules\\firebase-functions\\lib\\index.js"}} {"metadata":{"emulator":{"name":"functions"},"message":"[runtime-status] [15272] firebase-functions has been stubbed. {\"functionsResolution\":{\"declared\":true,\"installed\":true,\"version\":\"3.14.1\",\"resolution\":\"C:\\\\Users\\\\SOURAVE\\\\Desktop\\\\ReactAmazonProject\\\\functions\\\\node_modules\\\\firebase-functions\\\\lib\\\\index.js\"}}"}}
[debug] [2021-06-05T12:38:03.547Z] [runtime-status] [15272] Resolved module firebase-functions {"declared":true,"installed":true,"version":"3.14.1","resolution":"C:\\Users\\SOURAVE\\Desktop\\ReactAmazonProject\\functions\\node_modules\\firebase-functions\\lib\\index.js"} {"metadata":{"emulator":{"name":"functions"},"message":"[runtime-status] [15272] Resolved module firebase-functions {\"declared\":true,\"installed\":true,\"version\":\"3.14.1\",\"resolution\":\"C:\\\\Users\\\\SOURAVE\\\\Desktop\\\\ReactAmazonProject\\\\functions\\\\node_modules\\\\firebase-functions\\\\lib\\\\index.js\"}"}}
[debug] [2021-06-05T12:38:03.550Z] [runtime-status] [15272] Resolved module firebase-admin {"declared":true,"installed":true,"version":"9.9.0","resolution":"C:\\Users\\SOURAVE\\Desktop\\ReactAmazonProject\\functions\\node_modules\\firebase-admin\\lib\\index.js"} {"metadata":{"emulator":{"name":"functions"},"message":"[runtime-status] [15272] Resolved module firebase-admin {\"declared\":true,\"installed\":true,\"version\":\"9.9.0\",\"resolution\":\"C:\\\\Users\\\\SOURAVE\\\\Desktop\\\\ReactAmazonProject\\\\functions\\\\node_modules\\\\firebase-admin\\\\lib\\\\index.js\"}"}}
[debug] [2021-06-05T12:38:03.551Z] [runtime-status] [15272] Resolved module firebase-functions {"declared":true,"installed":true,"version":"3.14.1","resolution":"C:\\Users\\SOURAVE\\Desktop\\ReactAmazonProject\\functions\\node_modules\\firebase-functions\\lib\\index.js"} {"metadata":{"emulator":{"name":"functions"},"message":"[runtime-status] [15272] Resolved module firebase-functions {\"declared\":true,\"installed\":true,\"version\":\"3.14.1\",\"resolution\":\"C:\\\\Users\\\\SOURAVE\\\\Desktop\\\\ReactAmazonProject\\\\functions\\\\node_modules\\\\firebase-functions\\\\lib\\\\index.js\"}"}}
[debug] [2021-06-05T12:38:03.552Z] [runtime-status] [15272] firebase-admin has been stubbed. {"adminResolution":{"declared":true,"installed":true,"version":"9.9.0","resolution":"C:\\Users\\SOURAVE\\Desktop\\ReactAmazonProject\\functions\\node_modules\\firebase-admin\\lib\\index.js"}} {"metadata":{"emulator":{"name":"functions"},"message":"[runtime-status] [15272] firebase-admin has been stubbed. {\"adminResolution\":{\"declared\":true,\"installed\":true,\"version\":\"9.9.0\",\"resolution\":\"C:\\\\Users\\\\SOURAVE\\\\Desktop\\\\ReactAmazonProject\\\\functions\\\\node_modules\\\\firebase-admin\\\\lib\\\\index.js\"}}"}}
[info] +  functions[us-central1-api]: http function initialized (http://localhost:5001/project-9a751/us-central1/api). {"metadata":{"emulator":{"name":"functions"},"message":"\u001b[1mhttp\u001b[22m function initialized (http://localhost:5001/project-9a751/us-central1/api)."}}
[info] 
┌─────────────────────────────────────────────────────────────┐
│ ✔  All emulators ready! It is now safe to connect your app. │
│ i  View Emulator UI at http://localhost:4001                │
└─────────────────────────────────────────────────────────────┘

┌───────────┬────────────────┬─────────────────────────────────┐
│ Emulator  │ Host:Port      │ View in Emulator UI             │
├───────────┼────────────────┼─────────────────────────────────┤
│ Functions │ localhost:5001 │ http://localhost:4001/functions │
├───────────┼────────────────┼─────────────────────────────────┤
│ Hosting   │ localhost:5000 │ n/a                             │
└───────────┴────────────────┴─────────────────────────────────┘
  Emulator Hub running at localhost:4400
  Other reserved ports: 4500

Issues? Report them at https://github.com/firebase/firebase-tools/issues and attach the *-debug.log files.
 
[debug] [2021-06-05T12:38:04.031Z] [worker-~diagnostic~-5e38bb93-c2a0-4e1d-9bbe-4ae4c2598ec5]: IDLE {"metadata":{"emulator":{"name":"functions"},"message":"[worker-~diagnostic~-5e38bb93-c2a0-4e1d-9bbe-4ae4c2598ec5]: IDLE"}}
